Epoch Training_error_x Training_error_y Training_error_thetaValidation_error_x Validation_error_y Validation_error_theta
0 98.33161926269531  98.3361587524414  98.31670379638672  98.29534912109375  98.88542938232422  98.9137954711914
1 98.3286361694336  98.38639068603516  98.3145523071289  98.28593444824219  98.88906860351562  98.92007446289062
2 98.33062744140625  98.38011169433594  98.30079650878906  98.38324737548828  98.89569854736328  98.97030639648438
3 98.331787109375  98.39580535888672  98.33245086669922  98.33930206298828  98.89371490478516  98.9232177734375
4 98.29615783691406  98.35186004638672  98.304443359375  98.4366226196289  98.85957336425781  98.90438079833984
5 98.32135009765625  98.26709747314453  98.33775329589844  98.3361587524414  98.90812683105469  98.86670684814453
6 98.32698059082031  98.28593444824219  98.31090545654297  98.38324737548828  98.86454772949219  98.92635345458984
7 98.3075942993164  98.201171875  98.30013275146484  98.24198150634766  98.86322021484375  98.80391693115234
8 98.30377960205078  98.43975830078125  98.30725860595703  98.20745086669922  98.84349822998047  98.80078125
9 98.30742645263672  98.30477142333984  98.30411529541016  98.31104278564453  98.87581634521484  98.92949676513672
10 98.29598999023438  98.27337646484375  98.30311584472656  98.4209213256836  98.862060546875  98.86670684814453
11 98.2989730834961  98.41150665283203  98.31554412841797  98.43975830078125  98.86935424804688  98.83531188964844
12 98.31040954589844  98.18547058105469  98.27842712402344  98.27023315429688  98.89884948730469  98.86984252929688
13 98.28671264648438  98.37383270263672  98.28688049316406  98.2545394897461  98.84349822998047  98.82589721679688
14 98.30013275146484  98.26395416259766  98.29598999023438  98.41464233398438  98.857421875  98.86042785644531
15 98.28555297851562  98.32046508789062  98.28439331054688  98.3141860961914  98.83289337158203  98.92007446289062
16 98.28903198242188  98.3675537109375  98.27312469482422  98.2922134399414  98.86322021484375  98.86042785644531
17 98.29035949707031  98.44603729248047  98.30461120605469  98.39266967773438  98.8551025390625  98.93263244628906
18 98.29151916503906  98.29849243164062  98.2794189453125  98.30162811279297  98.85493469238281  98.98914337158203
19 98.28572082519531  98.1478042602539  98.29235076904297  98.31732177734375  98.8401870727539  98.95774841308594
20 98.26335144042969  98.27023315429688  98.28688049316406  98.2325668334961  98.84333801269531  98.79763793945312
21 98.2732925415039  98.2765121459961  98.28870391845703  98.2765121459961  98.81947326660156  98.8918228149414
22 98.27842712402344  98.31732177734375  98.27378845214844  98.4209213256836  98.84598541259766  98.8918228149414
23 98.28190612792969  98.33302307128906  98.25688934326172  98.21058654785156  98.825439453125  98.82903289794922
24 98.28008270263672  98.3141860961914  98.26666259765625  98.39580535888672  98.83256530761719  98.90438079833984
25 98.26715850830078  98.32987976074219  98.2553939819336  98.23883819580078  98.84117889404297  98.8761215209961
26 98.26517486572266  98.3141860961914  98.26318359375  98.46487426757812  98.81980895996094  98.89495849609375
27 98.24562072753906  98.38639068603516  98.27445220947266  98.27337646484375  98.8378677368164  99.03308868408203
28 98.23633575439453  98.01280975341797  98.2232437133789  98.22000885009766  98.84516143798828  98.9671630859375
29 98.0315170288086  97.5544662475586  98.0174331665039  97.56074523925781  98.86553955078125  98.7693862915039
30 96.94296264648438  95.65518188476562  97.02449798583984  95.4040298461914  98.88045501708984  98.9357681274414
31 95.02469635009766  93.17825317382812  95.10954284667969  92.95222473144531  98.84449768066406  98.90751647949219
32 93.79496002197266  88.9809799194336  94.05545806884766  92.13599395751953  98.87034606933594  98.86042785644531
33 89.0780029296875  85.12589263916016  89.42251586914062  84.10247039794922  98.84001922607422  98.85729217529297
34 87.7894287109375  83.55308532714844  87.34333801269531  83.38042449951172  97.63116455078125  92.43109130859375
35 87.34814453125  83.58134460449219  86.98092651367188  82.39781951904297  86.81919860839844  82.67407989501953
36 86.47998809814453  83.00684356689453  86.0146713256836  81.20173645019531  82.96642303466797  78.70911407470703
37 85.75334167480469  82.47630310058594  85.24942016601562  81.3775405883789  80.83256530761719  77.07352447509766
38 85.02455139160156  81.54077911376953  84.55492401123047  80.72769927978516  79.19782257080078  75.60746002197266
39 84.53520202636719  81.40264892578125  83.95405578613281  80.46713256835938  77.93295288085938  75.53211975097656
40 84.02481842041016  79.23651885986328  83.57673645019531  79.51277923583984  76.74778747558594  75.03610229492188
41 83.7749252319336  80.51422119140625  83.15963745117188  77.96195220947266  75.86737060546875  70.45269012451172
42 83.29220581054688  78.70283508300781  82.86964416503906  78.4893569946289  75.12017822265625  71.30973052978516
43 82.99475860595703  78.36692810058594  82.4701156616211  76.96051025390625  74.4984359741211  72.65335845947266
44 82.6712875366211  78.05299377441406  82.2182388305664  79.07013702392578  73.83972930908203  69.12162017822266
45 82.47989654541016  77.98078918457031  82.00728607177734  76.17253875732422  73.25460815429688  72.54975891113281
46 82.28700256347656  78.42029571533203  81.77098083496094  77.63545989990234  72.85308837890625  68.18610382080078
47 82.10389709472656  78.27274322509766  81.53484344482422  76.94480895996094  72.3887710571289  67.50800323486328
48 81.8437271118164  77.1080551147461  81.36614990234375  77.2524642944336  72.00614166259766  67.63043975830078
49 81.67868041992188  78.59609985351562  81.145751953125  76.90714263916016  71.59368896484375  68.7919921875
50 81.4906005859375  77.19281768798828  81.11195373535156  76.43310546875  71.41239929199219  67.71520233154297
51 81.27169799804688  76.29183197021484  80.8176498413086  75.88999938964844  70.95304870605469  66.89897918701172
52 81.24203491210938  76.9197006225586  80.76362609863281  75.93395233154297  70.6534423828125  65.58360290527344
53 80.97291564941406  78.9853744506836  80.62641906738281  76.6905288696289  70.48690795898438  66.79852294921875
54 80.97705841064453  76.96051025390625  80.51953125  76.56495666503906  70.24231719970703  67.2945327758789
55 80.87813568115234  76.76273345947266  80.47976684570312  75.02354431152344  69.91321563720703  65.571044921875
56 80.72534942626953  77.93997955322266  80.1819839477539  76.68110656738281  69.69480895996094  69.43869018554688
57 80.62492370605469  75.51013946533203  80.20568084716797  74.2136001586914  69.73176574707031  65.56163024902344
58 80.58879852294922  76.44566345214844  80.18778228759766  74.63741302490234  69.29925537109375  65.32931518554688
59 80.5024642944336  75.64513397216797  79.8714370727539  76.28555297851562  69.07488250732422  65.1064224243164
60 80.38298797607422  76.43310546875  79.9456787109375  74.70647430419922  68.95905303955078  65.97915649414062
61 80.29682159423828  77.73905944824219  79.88370513916016  75.83348846435547  68.82582092285156  66.13298034667969
62 80.2623519897461  76.04696655273438  79.78543853759766  76.68424987792969  68.74810028076172  64.97771453857422
63 80.1982192993164  75.45991516113281  79.72528076171875  73.544921875  68.51859283447266  62.64833450317383
64 80.0610122680664  75.74873352050781  79.66197967529297  74.4207992553711  68.41966247558594  63.5618782043457
65 80.075927734375  75.80523681640625  79.60215759277344  74.81007385253906  68.23705291748047  64.26194763183594
66 79.9059066772461  76.1348648071289  79.4144058227539  75.10830688476562  68.08094787597656  63.56815719604492
67 79.84774017333984  75.19621276855469  79.4558334350586  73.93106079101562  67.99279022216797  62.880645751953125
68 79.7950439453125  77.18025970458984  79.35491943359375  74.4804458618164  67.92948913574219  65.07817077636719
69 79.8006820678711  76.32950592041016  79.30752563476562  73.69561004638672  67.76427459716797  66.0796127319336
70 79.77350616455078  77.23362731933594  79.22400665283203  74.23243713378906  67.74505615234375  62.4945068359375
71 79.77267456054688  75.19934844970703  79.1494369506836  74.39253997802734  67.65971374511719  63.266780853271484
72 79.61508178710938  76.9416732788086  79.14512634277344  76.21334838867188  67.51338958740234  64.41263580322266
73 79.57564544677734  76.62773895263672  79.0534896850586  75.8021011352539  67.28852081298828  63.696868896484375
74 79.58177947998047  75.92139434814453  79.18871307373047  74.46788787841797  67.26565551757812  62.952850341796875
75 79.50057983398438  76.82238006591797  78.99598693847656  77.89602661132812  67.17948150634766  62.689144134521484
76 79.4831771850586  75.3688735961914  78.97660064697266  75.87430572509766  67.08171844482422  63.5618782043457
77 79.50654602050781  75.36573028564453  78.92755126953125  75.49444580078125  66.90291595458984  63.847557067871094
78 79.344482421875  75.7016372680664  78.85182189941406  73.60771179199219  66.87872314453125  62.020469665527344
79 79.43827056884766  74.74100494384766  78.86474609375  74.07233428955078  66.88153839111328  63.408050537109375
80 79.1456298828125  74.80065155029297  78.80757904052734  73.30947875976562  66.85833740234375  61.916873931884766
81 79.2087631225586  74.89483642578125  78.73035430908203  73.1430892944336  66.8883285522461  61.7159538269043
82 79.25300598144531  75.78012084960938  78.80973052978516  74.48358154296875  66.76736450195312  61.96710205078125
83 79.22550201416016  74.989013671875  78.74858093261719  74.70333862304688  66.72212219238281  62.48194885253906
84 79.09657287597656  75.37828826904297  78.66490173339844  74.42393493652344  66.5211181640625  65.549072265625
85 79.12258911132812  74.92623138427734  78.62429809570312  74.11000061035156  66.50653076171875  63.88522720336914
86 79.0074234008789  74.68135833740234  78.6261215209961  74.07861328125  66.56188201904297  62.77704620361328
87 79.05216217041016  73.90594482421875  78.43870544433594  74.6688003540039  66.28829193115234  62.18999481201172
88 78.89175415039062  76.54297637939453  78.51874542236328  73.75525665283203  66.29823303222656  61.8603630065918
89 78.9833984375  75.33434295654297  78.52835083007812  74.85716247558594  66.24057006835938  64.55390167236328
90 78.96748352050781  75.7330322265625  78.46339416503906  74.58403778076172  66.16798400878906  61.89175796508789
91 78.85579681396484  75.16167449951172  78.44235229492188  73.8871078491211  66.17030334472656  62.689144134521484
92 78.92390441894531  75.23074340820312  78.3584976196289  75.55095672607422  66.16484069824219  62.802162170410156
93 78.87335968017578  74.7315902709961  78.3321533203125  73.28121948242188  66.15357208251953  61.39260482788086
94 78.85066223144531  74.63741302490234  78.33413696289062  73.38481903076172  66.1295394897461  62.47880935668945
95 78.73797607421875  74.18534851074219  78.27332305908203  73.6987533569336  65.89340209960938  63.81302261352539
96 78.76681518554688  75.89314270019531  78.24614715576172  74.6468276977539  65.8324203491211  61.96710205078125
97 78.6455078125  73.96559143066406  78.18666076660156  73.50725555419922  65.9900131225586  61.97966003417969
98 78.7117919921875  73.90594482421875  78.22344207763672  73.29692077636719  65.80690002441406  61.92942810058594
99 78.69107818603516  74.967041015625  78.22775268554688  73.76781463623047  65.77823638916016  62.56043243408203
100 78.64302825927734  75.52584075927734  78.21466064453125  73.89966583251953  65.80474853515625  61.99535369873047
101 78.62049102783203  75.21190643310547  78.20256805419922  75.08319091796875  65.6632308959961  60.78357696533203
102 78.60574340820312  75.78326416015625  78.10728454589844  74.19790649414062  65.71493530273438  62.55415344238281
103 78.50846862792969  73.89653015136719  78.08441162109375  73.57003784179688  65.64168548583984  61.985939025878906
104 78.50614929199219  74.99215698242188  78.07264709472656  73.3251724243164  65.53927612304688  61.869781494140625
105 78.49140167236328  74.08174896240234  77.98432159423828  74.71589660644531  65.54740142822266  61.650028228759766
106 78.54309844970703  74.3203353881836  77.97388458251953  74.95448303222656  65.56695556640625  61.87919998168945
107 78.41168975830078  75.08633422851562  78.03486633300781  73.62968444824219  65.4252700805664  61.81327438354492
108 78.51924133300781  75.37515258789062  78.06005859375  74.42707824707031  65.52784729003906  62.57926940917969
109 78.29950714111328  75.28096771240234  77.95184326171875  74.22615814208984  65.36031341552734  61.489925384521484
110 78.33032989501953  74.65310668945312  77.87313079833984  72.31117248535156  65.32534790039062  62.03616714477539
111 78.33646392822266  75.12400817871094  77.89997863769531  74.5024185180664  65.28607177734375  61.197967529296875
112 78.34574127197266  75.36573028564453  77.84927368164062  73.8651351928711  65.33843994140625  63.57757568359375
113 78.35237121582031  74.76298522949219  77.88340759277344  73.30005645751953  65.27679443359375  61.461669921875
114 78.31657409667969  73.13995361328125  77.69184875488281  74.24185180664062  65.18183898925781  63.14120864868164
115 78.33331298828125  76.08464050292969  77.87711334228516  74.92623138427734  65.2928695678711  65.6840591430664
116 78.18516540527344  74.16651153564453  77.72929382324219  74.71589660644531  65.2583999633789  61.71281433105469
117 78.15882110595703  74.64997100830078  77.76724243164062  73.40365600585938  65.10677337646484  60.63288879394531
118 78.22808837890625  75.28724670410156  77.70377349853516  73.29692077636719  65.14190673828125  62.086395263671875
119 78.16030883789062  74.40509796142578  77.69747924804688  72.81346130371094  64.9534912109375  61.8603630065918
120 78.12583923339844  77.13945007324219  77.65025329589844  76.34519958496094  64.9387435913086  62.19940948486328
121 78.0716552734375  74.61229705810547  77.45172882080078  73.67991638183594  64.92184448242188  59.421112060546875
122 78.10778045654297  75.66397094726562  77.54220581054688  74.23243713378906  64.8903579711914  60.11490249633789
123 78.06038665771484  75.05180358886719  77.53623962402344  72.90450286865234  64.91355895996094  62.02360916137695
124 78.12882232666016  75.43165588378906  77.50309753417969  74.66252136230469  64.9480209350586  63.29503631591797
125 78.01150512695312  73.94989776611328  77.4969711303711  73.73956298828125  64.83451080322266  61.191688537597656
126 78.00056457519531  73.74897766113281  77.4805679321289  72.8699722290039  64.800537109375  61.436553955078125
127 78.00719451904297  76.1128921508789  77.4237289428711  75.36573028564453  64.71636199951172  62.296730041503906
128 78.02342987060547  74.26383209228516  77.40119171142578  73.94989776611328  64.77253723144531  60.87147903442383
129 77.84943389892578  76.90086364746094  77.35064697265625  75.8868637084961  64.76060485839844  59.98304748535156
130 77.9631118774414  74.30777740478516  77.41825866699219  73.0457763671875  64.64029693603516  60.57638168334961
131 77.90279388427734  74.37056732177734  77.30574035644531  72.11653137207031  64.7327651977539  60.9185676574707
132 77.88655853271484  74.60601806640625  77.42074584960938  73.7803726196289  64.74337005615234  62.12092971801758
133 77.79441833496094  74.6688003540039  77.43714904785156  73.3471450805664  64.59274291992188  61.945125579833984
134 77.83949279785156  74.5024185180664  77.18775177001953  73.70188903808594  64.5909194946289  61.66886520385742
135 77.78546905517578  74.54322814941406  77.26083374023438  73.62654876708984  64.54186248779297  60.5732421875
136 77.7208480834961  74.45846557617188  77.23514556884766  72.5120849609375  64.52429962158203  61.62177658081055
137 77.68107604980469  74.09117126464844  77.20333099365234  74.37056732177734  64.55081176757812  61.02216339111328
138 77.7347640991211  76.46135711669922  77.14218139648438  75.10517120361328  64.5566177368164  63.122371673583984
139 77.70327758789062  74.16023254394531  77.26679992675781  73.78665161132812  64.42686462402344  60.03641891479492
140 77.62174987792969  75.56978607177734  77.13191223144531  73.0991439819336  64.44111633300781  61.28273010253906
141 77.68305969238281  75.21190643310547  77.17897033691406  74.94820404052734  64.3865966796875  61.2293586730957
142 77.57965850830078  73.92792510986328  77.08617401123047  73.97187042236328  64.46000671386719  62.039306640625
143 77.57568359375  75.54153442382812  77.15096282958984  74.63741302490234  64.29859924316406  60.92484664916992
144 77.59142303466797  73.89338684082031  76.97050476074219  72.75381469726562  64.33373260498047  60.118038177490234
145 77.5155258178711  75.51013946533203  77.05982208251953  74.37370300292969  64.40946197509766  59.270423889160156
146 77.61959838867188  74.70333862304688  77.02220916748047  72.85113525390625  64.34334564208984  61.700260162353516
147 77.56971740722656  74.00640869140625  76.92774963378906  72.9986801147461  64.28700256347656  62.616939544677734
148 77.54320526123047  74.90739440917969  76.98492431640625  74.39881896972656  64.21276092529297  61.64374923706055
149 77.57286834716797  73.18390655517578  76.94912719726562  72.98926544189453  64.24574279785156  59.71934509277344
150 77.4258804321289  74.8446044921875  76.95774841308594  73.50411224365234  64.12261962890625  60.94995880126953
151 77.43648529052734  75.4536361694336  76.96006774902344  73.29692077636719  64.12560272216797  62.4945068359375
152 77.42488861083984  74.33289337158203  76.93272399902344  73.20587921142578  64.12825012207031  63.3044548034668
153 77.32032012939453  75.10517120361328  76.96221923828125  73.54806518554688  64.14117431640625  61.16971206665039
154 77.34501647949219  74.78495788574219  76.8684310913086  74.78182220458984  64.02120208740234  60.193382263183594
155 77.2886734008789  74.68135833740234  76.86959075927734  73.25296783447266  64.01441192626953  60.72079086303711
156 77.35313415527344  76.3106689453125  76.96736145019531  74.64369201660156  64.11996459960938  61.99221420288086
157 77.35114288330078  74.65624237060547  76.76718139648438  74.25440979003906  64.0208740234375  60.764739990234375
158 77.32479858398438  74.5243911743164  76.76734161376953  72.8322982788086  64.00082397460938  59.93595886230469
159 77.25801849365234  75.57920837402344  76.76005554199219  73.2874984741211  63.91249465942383  62.55729293823242
160 77.33424377441406  74.91053009033203  76.76850128173828  73.22785186767578  63.96005630493164  61.204246520996094
161 77.18708801269531  74.25127410888672  76.67769622802734  73.04891204833984  63.88349533081055  62.11151123046875
162 77.19835662841797  74.25755310058594  76.70321655273438  72.71300506591797  63.87620544433594  60.406856536865234
163 77.20565032958984  74.97959899902344  76.74215698242188  72.87625122070312  63.78374099731445  62.13662338256836
164 76.99403381347656  74.14767456054688  76.55440521240234  72.70672607421875  63.82069396972656  60.24675369262695
165 77.11882019042969  74.05977630615234  76.68862915039062  73.2435531616211  63.916141510009766  60.71451187133789
166 77.12859344482422  75.60746002197266  76.60627746582031  72.99240112304688  63.782745361328125  60.15257263183594
167 77.0149154663086  75.42852020263672  76.59881591796875  74.4804458618164  63.874549865722656  61.64374923706055
168 77.05634307861328  74.85716247558594  76.51380920410156  72.95787048339844  63.83229064941406  62.06441879272461
169 77.13157653808594  75.27155303955078  76.59053039550781  74.37056732177734  63.758052825927734  61.197967529296875
170 77.06230926513672  74.08174896240234  76.59086608886719  73.41621398925781  63.741981506347656  61.25761413574219
171 76.90090942382812  74.70647430419922  76.46293640136719  74.56206512451172  63.815059661865234  60.906009674072266
172 77.00447845458984  75.03296661376953  76.5438003540039  72.8699722290039  63.72938537597656  60.26872634887695
173 76.98426055908203  75.38771057128906  76.4612808227539  74.89169311523438  63.75822067260742  61.869781494140625
174 76.86727142333984  74.43021392822266  76.44752502441406  74.21987915039062  63.560359954833984  62.306148529052734
175 76.85682678222656  75.28096771240234  76.38322448730469  73.83060455322266  63.70403289794922  63.68745040893555
176 76.93753051757812  74.09430694580078  76.32820892333984  73.1807632446289  63.61073684692383  59.807247161865234
177 76.853515625  74.36115264892578  76.35887145996094  72.9767074584961  63.658958435058594  60.023860931396484
178 76.77729034423828  74.76298522949219  76.41487884521484  73.2435531616211  63.65962219238281  62.21196746826172
179 76.77745056152344  75.07691192626953  76.29937744140625  72.62510681152344  63.521087646484375  61.39260482788086
180 76.79534912109375  75.98731994628906  76.35588836669922  74.6468276977539  63.36598205566406  60.0835075378418
181 76.78739929199219  75.03924560546875  76.22927856445312  74.06291198730469  63.53451156616211  63.37038040161133
182 76.72376251220703  75.17737579345703  76.3013687133789  73.811767578125  63.44916915893555  61.04100036621094
183 76.66410827636719  74.5243911743164  76.18222045898438  73.42562866210938  63.51362991333008  60.35034942626953
184 76.72293090820312  74.54950714111328  76.33599853515625  73.23099517822266  63.50153350830078  59.76643753051758
185 76.68283081054688  75.60432434082031  76.30683135986328  73.234130859375  63.5364990234375  62.20882797241211
186 76.67123413085938  74.39881896972656  76.1702880859375  74.0472183227539  63.44237518310547  62.03616714477539
187 76.68366241455078  73.96245574951172  76.08760070800781  72.26094055175781  63.37112045288086  61.90117645263672
188 76.63875579833984  74.09430694580078  76.1921615600586  73.06147003173828  63.30980682373047  60.87461853027344
189 76.53021240234375  75.51956176757812  76.14592742919922  73.23727416992188  63.29969787597656  62.46311569213867
190 76.56964874267578  73.63282775878906  76.03954315185547  72.86054992675781  63.289424896240234  61.719093322753906
191 73.13032531738281  70.48094940185547  72.78548431396484  69.99435424804688  58.57561492919922  55.13907241821289
192 72.81945037841797  70.79174041748047  72.4230728149414  69.8562240600586  58.352569580078125  55.905067443847656
