Epoch Training_loss
0  12.703733835443149
1  12.68954579019664
2  12.68951158555593
3  12.6889819119255
4  12.688811139899816
5  12.688651510172896
6  12.688444548626325
7  12.688258303815985
8  12.688162298438508
9  12.6879518704766
10  12.687833805208728
11  12.687782058683645
12  12.687611084838897
13  12.687443893367115
14  12.687334275833988
15  12.687180082858701
16  12.6869995008204
17  12.686794498919115
18  12.686594527005425
19  12.686425850662381
20  12.686159518572516
21  12.68603863383677
22  12.68566997740493
23  12.682639315681678
24  12.599533715428954
25  11.955465257320023
26  11.418724855180432
27  10.86421219204454
28  10.109712258181682
29  9.30576146567668
30  8.05282019922172
31  7.718363623360449
32  7.513019725574691
33  7.365470656286865
34  7.244499830164593
35  7.158526895263772
36  7.072623273372
37  7.006714956230688
38  6.950210983284029
39  6.905894528834126
40  6.857852042843683
41  6.82549878753142
42  6.789573997833249
43  6.75748435639781
44  6.724488679597038
45  6.701474962670023
46  6.680766891604554
47  6.660089181664215
48  6.637345079413157
49  6.618414627404229
50  6.608188382047441
51  6.58819319297164
52  6.572414040916129
53  6.555609540382055
54  6.545038912134986
55  6.5331743983293835
56  6.530059969141669
57  6.513391802329635
58  6.497510596910894
59  6.490256274748091
60  6.4815481993502235
61  6.472966641893537
62  6.471797438875749
63  6.457755717317353
64  6.448022889197181
65  6.444424025195515
66  6.440270462721306
67  6.425114812437551
68  6.41797893176419
69  6.416685770894847
70  6.4173760639575015
71  6.398780268119708
72  6.397071897158119
73  6.390000147298805
74  6.388576905500659
75  6.381657278311899
76  6.379903808967697
77  6.373434851269665
78  6.359335323075266
79  6.364414023253426
80  6.361576401641991
81  6.354027629388724
82  6.356946705785322
83  6.344547808176936
84  6.343133418171236
85  6.343401865718553
86  6.3335670731886085
87  6.325759104388105
88  6.329148890169676
89  6.326406586407465
90  6.318397759486885
91  6.313330146969564
92  6.3155726096236595
93  6.30913583013662
94  6.29913724761875
95  6.305267017702777
96  6.301121237574848
97  6.298558429741653
98  6.295845373020878
99  6.29489715095293
100  6.288578787793139
101  6.282872987203893
102  6.284147932443554
103  6.282416941234168
104  6.274457294130577
105  6.269382005194091
106  6.270240837691667
107  6.263194376340972
108  6.268441654797261
109  6.271845825927503
110  6.261012565952516
111  6.25682510759203
112  6.257068980743481
113  6.254615036668044
114  6.2533559983809806
115  6.2478504442391465
116  6.249630544779929
117  6.244658064710937
118  6.251951855627231
119  6.237910569791836
120  6.242665532419288
121  6.237952890838471
122  6.238662695254978
123  6.233268381891425
124  6.22869391838809
125  6.226600903516564
126  6.226907317892646
127  6.225095113371081
128  6.219985150339291
129  6.220095524727873
130  5.861369428184388
131  5.838664939328345
132  5.825111064036549
133  5.82602168650358
134  5.826036973456694
135  5.8259439038325525
136  5.823686482903137
137  5.8310519160286685
138  5.830503427183922
139  5.827683639206032
140  5.826644231377124
141  5.832684267938196
142  5.832071899163319
143  5.831146808033606
144  5.827864865989588
145  5.422372760294115
146  5.351402453621639
147  5.32814186228153
148  5.305389445927805
149  5.29119198401088
150  5.273851621933259
151  5.269317923474135
152  5.2603415464394905
153  5.252855594977963
154  5.250078489921152
155  5.238204696188112
156  5.237958127906084