Epoch Training_loss
0  12.703978647400277
1  12.689609482266864
2  12.689264599978472
3  12.689073560406431
4  12.689067377169543
5  12.688998336026602
6  12.688947271063194
7  12.68890261386524
8  12.688883811732989
9  12.688860648472035
10  12.688777182317015
11  12.688756935895084
12  12.688732547830146
13  12.688660042858883
14  12.688619844412052
15  12.688520805642224
16  12.688502047797455
17  12.688453365615706
18  12.68841262941193
19  12.688370632606281
20  12.688334225390228
21  12.688270399648419
22  12.688213971082636
23  12.688180991173216
24  12.688067919428146
25  12.688130289754673
26  12.688006304806587
27  12.687892877808704
28  12.687281179022664
29  12.657020903598703
30  12.334173459938016
31  11.624053381981591
32  11.310841319540305
33  10.418506446961368
34  9.866785152767509
35  8.388536443768183
36  7.941209068366863
37  7.715578055344676
38  7.5466988684673915
39  7.423467314478926
40  7.325398850795094
41  7.238104450508502
42  7.16770089449751
43  7.1081809081094995
44  7.0482607705723
45  7.007097575429527
46  6.970692026355789
47  6.933800110690552
48  6.899628519240102
49  6.871409163283286
50  6.847457175381952
51  6.817580451241314
52  6.793520159107578
53  6.772680930420485
54  6.753926450579392
55  6.738442504423616
56  6.7168788125873204
57  6.7097394222107045
58  6.693415152340338
59  6.673255290149518
60  6.6610057742448925
61  6.65220692327233
62  6.644987465312773
63  6.630384513763017
64  6.623382660808549
65  6.612531762707194
66  6.600910684797903
67  6.58576752104724
68  6.585320369108532
69  6.578823652016197
70  6.568289778632602
71  6.5582933254728655
72  6.550150284171386
73  6.5379665727649225
74  6.542860332962047
75  6.530281318026561
76  6.523247962999045
77  6.516798365843688
78  6.512788803624071
79  6.511767450189738
80  6.501591639158807
81  6.498086306732417
82  6.497220050634719
83  6.489950445879753
84  6.482510342905867
85  6.47940022111051
86  6.474790543405751
87  6.466837131612872
88  6.462361909605542
89  6.462789282335198
90  6.460310930947846
91  6.449644260719434
92  6.452589401508206
93  6.449758468412219
94  6.446223348744243
95  6.441955161089806
96  6.433879459693113
97  6.425598436357067
98  6.428519606934983
99  6.428984489988917
100  6.422400968337029
101  6.4219122419957655
102  6.418791037047493
103  6.409841255864305
104  6.410989949879349
105  6.405950718505252
106  6.409765872333837
107  6.39676154114465
108  6.4065197006844485
109  6.39495628237542
110  6.390618518419968
111  6.39294603673158
112  6.39400425183675
113  6.388463291426719
114  6.382853314905559
115  6.387252143497737
116  6.374967055959585
117  6.3735935506244
118  6.377076559911892
119  6.368735541250166
120  6.361295705403733
121  6.364052824975079
122  6.363977046309516
123  6.366739097097919
124  6.359092087922593
125  6.348131108520376
126  6.35302745854915
127  6.35453386593642
128  6.35452473969322
129  6.344654706176647
130  6.34772339852072
131  6.341085936358349
132  6.3475277224178575
133  6.3348391193341085
134  6.338193603937803
135  6.333183503183771
136  6.3281522111344115
137  6.327277252901794
138  6.328216674739881
139  6.327933688821819
140  6.322077555714913
141  6.324839913522534
142  6.320298562904064
143  6.324340929592308
144  6.316789258000718
145  6.318629150974276
146  6.318736346102639
147  6.312086966578934
148  6.312035536993661
149  6.312313722517685
150  6.3001990756250414
151  6.304261608873461
152  6.304154636860838
153  6.303428903979339
154  6.299247179616082
155  6.297724906033216
156  6.299951615939674
157  6.2934791289500565
158  6.296471574470642
159  6.298848173978836
160  6.292996173987415
161  6.292285613730032
162  6.28801538029697
163  6.2886753902006305
164  6.276262725343485
165  6.2880430248439225
166  6.280441483956947
167  6.278165114187461
168  6.279090281089797
169  6.281529703858224
170  6.276922938448215
171  6.271499166920697
172  6.275800197065981
173  6.274426018201994
174  6.269641146773107
175  6.266449890964723
176  6.269739371197826
177  6.265502220662653
178  6.267265665047396
179  6.260460026949138
180  6.258311245002383
181  6.264866044810017
182  6.257619927471653
183  6.260408638236231
184  6.260838567484731
185  6.2598545018926535
186  6.257101758850435
187  6.250805614055287
188  6.248398125363574
189  6.2507130101142545
190  6.245016855919361
191  5.884066978704638
192  5.847390339104268
