Epoch Training_loss
0  3.0134115038589435
1  0.8690734621987783
2  0.6722963278565246
3  0.5830394779147788
4  0.5200540218806089
5  0.4743271964039936
6  0.4320400850970159
7  0.3963286875169375
8  0.3588315725550439
9  0.3272992363167196
10  0.29574431285090264
11  0.26678389588787305
12  0.23807895622901476
13  0.21534030319787198
14  0.19208185721424859
15  0.08067079300648539
16  0.04950572506037183
17  0.038492779224771796
18  0.03178913563435058
19  0.02723775145360106
20  0.023765279946142134
21  0.02137722994113179
22  0.019255191667828884
23  0.01754442850609693
24  0.016170350893011477
25  0.014984738449310855
26  0.013908016263977113
27  0.012980115029130058
28  0.012369113958845037
29  0.01155140430281222
30  0.010973867661177672