Epoch Training_loss
0  14.15453353162285
1  14.136227353841262
2  14.13335560602515
3  14.132316128798868
4  14.131696000221277
5  14.131327088005692
6  14.130814072721755
7  14.130737855850017
8  14.130554803972103
9  14.130019596189921
10  14.129933127191443
11  14.129848592786612
12  14.129509161694852
13  14.129329253830832
14  14.129306350805635
15  14.128886259328258
16  14.128658475301632
17  14.128483524733321
18  14.128394407627644
19  14.128139792911421
20  14.12782954801602
21  14.127625103221376
22  14.127553789091092
23  14.127274696916885
24  14.127027105774667
25  14.126908325206873
26  14.126754251147526
27  14.12649503034406
28  14.12615823157671
29  14.126048838150295
30  14.125879027826151
31  14.125544649440764
32  14.125259449590935
33  14.125092027920132
34  14.124687321778229
35  14.124558210112925
36  14.124212879948136
37  14.123831865091528
38  14.123270857861701
39  14.123025510202773
40  14.122278341297362
41  14.122056337857966
42  14.121695709327328
43  14.121102671864023
44  14.120561738829485
45  14.120035036084097
46  14.119477918841548
47  14.118547646799357
48  14.117997476608119
49  14.117142086748158
50  14.11663207624915
51  14.115910295262962
52  14.114700439907562
53  14.114066938578205
54  14.112887968693851
55  14.111831881277373
56  14.111252598769244
57  14.109808470997784
58  14.108423241245998
59  14.106915838352716
60  14.10448244438493
61  14.100631553329356
62  14.084241054134377
63  13.876254297524671
64  13.128234624335878
65  12.627511335998085
66  12.327019215960387
67  12.125763784085626
68  11.980169156304472
69  11.86842202486739
70  11.774822929352581
71  11.700690678152842
72  11.634099869187647
73  11.577021110307795
74  11.555690317657502
75  11.487457958237789
76  11.44753290566873
77  11.413584536905573
78  11.376481559311134
79  11.350403879065874
80  11.329792293660686
81  11.29210738361054
82  11.274420088566565
83  11.25643516510686
84  11.231737776991201
85  11.21042297334774
86  11.196274899091938
87  11.185081603880292
88  11.170098752037118
89  11.157080593910251
90  11.136722752835837
91  11.125299287189733
92  11.117643878862312
93  11.10285937662803
94  11.094713572892827
95  11.079778153594553
96  11.06907616328604
97  11.06629414949275
98  11.050483531877548
99  11.038761912640828
100  11.027931327529316
101  11.020629199431749
102  11.017183797595473
103  11.00945135833386
104  10.998366126325438
105  10.9896376228251
106  10.981525861867555
107  10.97576781796828
108  10.96401267292737
109  10.955779561665315
110  10.952801199483426
111  10.948324713913426
112  10.939018848872392
113  10.934527256007367
114  10.927269872439693
115  10.924468176637033
116  10.916157621519114
117  10.874139401147234
118  10.668936772767745
119  10.40276973133616
120  10.258567719245173
121  10.169266496976427
122  10.105159404491452
123  10.051638893787706
124  10.02403765762878
125  9.994775538359232
126  9.961402769158283
127  9.963721612612938
128  9.938741796277403
129  9.921397959987608
130  9.89852211843726
131  9.887760577950532
132  9.87074844011396
133  9.853011295184071
134  9.840660225064054
135  9.829446722554518
136  9.818926336101672
137  9.802259397765479
138  9.794354450115506
139  9.786340738661051
140  9.776863927075762
141  9.764658959213799
142  9.754411927696875
143  9.751883718979203
144  9.733882878964298
145  9.733774278059261
146  9.71951678119531
147  9.708458266699374
148  9.709593247313107
149  9.698990486588094
150  9.69547515837076
151  9.683478610419963
152  9.682015691182288
153  9.66521415870525
154  9.657495697729376
155  9.651075571672841
156  9.648681872920307
157  9.639296137127245
158  9.638426324457239
159  9.618976268058592
160  9.627781638316527
161  9.610106269373095
162  9.612567333907638
163  9.614141947541526
164  9.589149831923601
165  9.593962558949842
166  9.592963466077846
167  9.578703047013796
168  9.57011448530049
169  9.565106982228558
170  9.560220026843615
171  9.553457142757676
172  9.553254606825963
173  9.537001776340453
174  9.539931745075009
175  9.527552804248915
176  9.53489303248459
177  9.520386487834806
178  9.520294352873805
179  9.515958150877555
180  9.509235908709977
181  9.507035566231316
182  9.50080482530686
183  9.489291884340819
184  9.483109325121342
185  9.481726828452842
186  9.487794924118928
187  9.46879453955618
188  9.468643516114597
189  9.458463119930938
190  9.461346970936482
191  9.445862034010641
192  9.433844155486247
193  9.433728765328164
194  9.438005714753947
195  9.425640071122814
196  9.42716843661525
197  9.414259974240833
198  9.411071937777828
199  9.398241552883107
200  9.3943150970674
201  9.388513015850032
202  9.387165422779614
203  9.37677485430715
204  9.376572317236628
205  9.369059895964556
206  9.36013622649788
207  9.359420554706553
208  9.33962919365637
209  9.35489905934758
210  9.343568184036373
211  9.33367934121446
212  9.32640928310996
213  9.330258677181808
214  9.313866742908992
215  9.309512831641028
216  9.309969485616476
217  9.2967777697643
218  9.299490205378637
219  9.295385956303818
220  9.284671889818679
221  9.277410375146955
222  9.269060387044268
223  9.273179112643486
224  9.258578310201672
225  9.265215812583108
226  9.26520368221042
227  9.248951910629359
228  9.241432916063406
229  9.236589576715362
230  9.252339662961283
231  9.227565975460696
232  9.22828738361582
233  9.218088528206161
234  9.208188633330149
235  9.202677566089198
236  9.20867899434385
237  9.183757838952639
238  9.18776383526752
239  9.180371983431018
240  9.174262718977051
241  9.168645287812504
242  9.177586824321983
243  9.164447363700926
244  9.163945840694591
245  9.156080002636573
246  9.154460198671334
247  9.14639880236225
248  9.134234124372744
249  9.133481771738355